Determining if the pthread_create exist failed with the following output:
Change Dir: /home/wilkie/Nexus/ALL/Projects/LetsRender/src/CMakeFiles/CMakeTmp

Run Build Command:/usr/bin/make "cmTryCompileExec3764235638/fast"
/usr/bin/make -f CMakeFiles/cmTryCompileExec3764235638.dir/build.make CMakeFiles/cmTryCompileExec3764235638.dir/build
make[1]: Entering directory `/home/wilkie/Nexus/ALL/Projects/LetsRender/src/CMakeFiles/CMakeTmp'
/usr/bin/cmake -E cmake_progress_report /home/wilkie/Nexus/ALL/Projects/LetsRender/src/CMakeFiles/CMakeTmp/CMakeFiles 1
Building C object CMakeFiles/cmTryCompileExec3764235638.dir/CheckSymbolExists.c.o
/usr/bin/cc    -o CMakeFiles/cmTryCompileExec3764235638.dir/CheckSymbolExists.c.o   -c /home/wilkie/Nexus/ALL/Projects/LetsRender/src/CMakeFiles/CMakeTmp/CheckSymbolExists.c
Linking C executable cmTryCompileExec3764235638
/usr/bin/cmake -E cmake_link_script CMakeFiles/cmTryCompileExec3764235638.dir/link.txt --verbose=1
/usr/bin/cc       CMakeFiles/cmTryCompileExec3764235638.dir/CheckSymbolExists.c.o  -o cmTryCompileExec3764235638 -rdynamic 
CMakeFiles/cmTryCompileExec3764235638.dir/CheckSymbolExists.c.o: In function `main':
CheckSymbolExists.c:(.text+0x16): undefined reference to `pthread_create'
collect2: error: ld returned 1 exit status
make[1]: Leaving directory `/home/wilkie/Nexus/ALL/Projects/LetsRender/src/CMakeFiles/CMakeTmp'
make[1]: *** [cmTryCompileExec3764235638] Error 1
make: *** [cmTryCompileExec3764235638/fast] Error 2

File /home/wilkie/Nexus/ALL/Projects/LetsRender/src/CMakeFiles/CMakeTmp/CheckSymbolExists.c:
/* */
#include <pthread.h>

int main(int argc, char** argv)
{
  (void)argv;
#ifndef pthread_create
  return ((int*)(&pthread_create))[argc];
#else
  (void)argc;
  return 0;
#endif
}

Determining if the function pthread_create exists in the pthreads failed with the following output:
Change Dir: /home/wilkie/Nexus/ALL/Projects/LetsRender/src/CMakeFiles/CMakeTmp

Run Build Command:/usr/bin/make "cmTryCompileExec2953288233/fast"
/usr/bin/make -f CMakeFiles/cmTryCompileExec2953288233.dir/build.make CMakeFiles/cmTryCompileExec2953288233.dir/build
make[1]: Entering directory `/home/wilkie/Nexus/ALL/Projects/LetsRender/src/CMakeFiles/CMakeTmp'
/usr/bin/cmake -E cmake_progress_report /home/wilkie/Nexus/ALL/Projects/LetsRender/src/CMakeFiles/CMakeTmp/CMakeFiles 1
Building C object CMakeFiles/cmTryCompileExec2953288233.dir/CheckFunctionExists.c.o
/usr/bin/cc   -DCHECK_FUNCTION_EXISTS=pthread_create   -o CMakeFiles/cmTryCompileExec2953288233.dir/CheckFunctionExists.c.o   -c /usr/share/cmake-2.8/Modules/CheckFunctionExists.c
Linking C executable cmTryCompileExec2953288233
/usr/bin/cmake -E cmake_link_script CMakeFiles/cmTryCompileExec2953288233.dir/link.txt --verbose=1
/usr/bin/cc   -DCHECK_FUNCTION_EXISTS=pthread_create    CMakeFiles/cmTryCompileExec2953288233.dir/CheckFunctionExists.c.o  -o cmTryCompileExec2953288233 -rdynamic -lpthreads 
/usr/bin/ld: cannot find -lpthreads
collect2: error: ld returned 1 exit status
make[1]: Leaving directory `/home/wilkie/Nexus/ALL/Projects/LetsRender/src/CMakeFiles/CMakeTmp'
make[1]: *** [cmTryCompileExec2953288233] Error 1
make: *** [cmTryCompileExec2953288233/fast] Error 2


